C51 COMPILER V9.54   LEC_SIMPLE                                                            11/22/2015 08:24:20 PAGE 1   


C51 COMPILER V9.54, COMPILATION OF MODULE LEC_SIMPLE
OBJECT MODULE PLACED IN .\Objects\lec_simple.obj
COMPILER INVOKED BY: C:\Keil_v5\C51\BIN\C51.exe lec_simple.c OPTIMIZE(8,SPEED) BROWSE DEBUG OBJECTEXTEND PRINT(.\Listing
                    -s\lec_simple.lst) OBJECT(.\Objects\lec_simple.obj)

line level    source

   1          #include <STC12C2052AD.H>                                                                                 
             -                                      
   2          sbit LED7 = P1^7;
   3          
   4          void main (void){
   5   1          void delay(unsigned int);
   6   1              while(1){
   7   2                      LED7=1;
   8   2                      delay(10000000);
   9   2                      LED7=0;
  10   2                      delay(10000000);
  11   2          }
  12   1      }
  13          
  14          void delay (unsigned int count){
  15   1          unsigned int i;
  16   1              for(i=1;i<=count;i++);
  17   1      }


MODULE INFORMATION:   STATIC OVERLAYABLE
   CODE SIZE        =     39    ----
   CONSTANT SIZE    =   ----    ----
   XDATA SIZE       =   ----    ----
   PDATA SIZE       =   ----    ----
   DATA SIZE        =   ----    ----
   IDATA SIZE       =   ----    ----
   BIT SIZE         =   ----    ----
END OF MODULE INFORMATION.


C51 COMPILATION COMPLETE.  0 WARNING(S),  0 ERROR(S)
